

Processing ProjectController#show to json (for 155.198.150.93 at 2011-06-20 13:06:52) [GET]
  Parameters: {"id"=>"142"}

ActiveRecord::StatementInvalid (RuntimeError: ERROR	C42P01	Mrelation "projects_pubs" does not exist	P245	Fnamespace.c	L276	RRangeVarGetRelid:             SELECT a.attname, format_type(a.atttypid, a.atttypmod), d.adsrc, a.attnotnull
              FROM pg_attribute a LEFT JOIN pg_attrdef d
                ON a.attrelid = d.adrelid AND a.attnum = d.adnum
             WHERE a.attrelid = '"projects_pubs"'::regclass
               AND a.attnum > 0 AND NOT a.attisdropped
             ORDER BY a.attnum
):
  app/controllers/project_controller.rb:22:in `block (2 levels) in show'
  app/controllers/project_controller.rb:19:in `show'

Rendering /home/snr02/work/natdiv/gmodnatdiv_fork/public/500.html (500 Internal Server Error)


Processing ProjectController#show to json (for 155.198.150.93 at 2011-06-20 13:19:51) [GET]
  Parameters: {"id"=>"8"}

ActiveRecord::StatementInvalid (RuntimeError: ERROR	C42P01	Mrelation "projects_pubs" does not exist	P245	Fnamespace.c	L276	RRangeVarGetRelid:             SELECT a.attname, format_type(a.atttypid, a.atttypmod), d.adsrc, a.attnotnull
              FROM pg_attribute a LEFT JOIN pg_attrdef d
                ON a.attrelid = d.adrelid AND a.attnum = d.adnum
             WHERE a.attrelid = '"projects_pubs"'::regclass
               AND a.attnum > 0 AND NOT a.attisdropped
             ORDER BY a.attnum
):
  app/controllers/project_controller.rb:22:in `block (2 levels) in show'
  app/controllers/project_controller.rb:19:in `show'

Rendering /home/snr02/work/natdiv/gmodnatdiv_fork/public/500.html (500 Internal Server Error)


Processing ProjectController#show to json (for 155.198.150.93 at 2011-06-20 13:26:49) [GET]
  Parameters: {"id"=>"8"}

ActiveRecord::StatementInvalid (RuntimeError: ERROR	C42P01	Mrelation "projects_pubs" does not exist	P245	Fnamespace.c	L276	RRangeVarGetRelid:             SELECT a.attname, format_type(a.atttypid, a.atttypmod), d.adsrc, a.attnotnull
              FROM pg_attribute a LEFT JOIN pg_attrdef d
                ON a.attrelid = d.adrelid AND a.attnum = d.adnum
             WHERE a.attrelid = '"projects_pubs"'::regclass
               AND a.attnum > 0 AND NOT a.attisdropped
             ORDER BY a.attnum
):
  app/controllers/project_controller.rb:22:in `block (2 levels) in show'
  app/controllers/project_controller.rb:19:in `show'

Rendering /home/snr02/work/natdiv/gmodnatdiv_fork/public/500.html (500 Internal Server Error)


Processing ProjectController#show to json (for 155.198.150.93 at 2011-06-20 13:47:50) [GET]
  Parameters: {"id"=>"8"}

ActiveRecord::StatementInvalid (RuntimeError: ERROR	C42P01	Mrelation "projects_pubs" does not exist	P245	Fnamespace.c	L276	RRangeVarGetRelid:             SELECT a.attname, format_type(a.atttypid, a.atttypmod), d.adsrc, a.attnotnull
              FROM pg_attribute a LEFT JOIN pg_attrdef d
                ON a.attrelid = d.adrelid AND a.attnum = d.adnum
             WHERE a.attrelid = '"projects_pubs"'::regclass
               AND a.attnum > 0 AND NOT a.attisdropped
             ORDER BY a.attnum
):
  app/controllers/project_controller.rb:22:in `block (2 levels) in show'
  app/controllers/project_controller.rb:19:in `show'

Rendering /home/snr02/work/natdiv/gmodnatdiv_fork/public/500.html (500 Internal Server Error)


Processing ProjectController#show to json (for 155.198.150.93 at 2011-06-20 13:49:01) [GET]
  Parameters: {"id"=>"8"}

ActiveRecord::StatementInvalid (RuntimeError: ERROR	C42P01	Mrelation "projects_pubs" does not exist	P245	Fnamespace.c	L276	RRangeVarGetRelid:             SELECT a.attname, format_type(a.atttypid, a.atttypmod), d.adsrc, a.attnotnull
              FROM pg_attribute a LEFT JOIN pg_attrdef d
                ON a.attrelid = d.adrelid AND a.attnum = d.adnum
             WHERE a.attrelid = '"projects_pubs"'::regclass
               AND a.attnum > 0 AND NOT a.attisdropped
             ORDER BY a.attnum
):
  app/controllers/project_controller.rb:22:in `block (2 levels) in show'
  app/controllers/project_controller.rb:19:in `show'

Rendering /home/snr02/work/natdiv/gmodnatdiv_fork/public/500.html (500 Internal Server Error)


Processing ProjectController#show to json (for 155.198.150.93 at 2011-06-20 13:49:47) [GET]
  Parameters: {"id"=>"8"}
Completed in 502ms (View: 161, DB: 326) | 200 OK [http://base.vectorbase.org/project/8.json]


Processing ProjectController#show to json (for 155.198.150.93 at 2011-06-20 13:51:59) [GET]
  Parameters: {"id"=>"141"}
Completed in 1719ms (View: 125, DB: 1592) | 200 OK [http://base.vectorbase.org/project/141.json]


Processing ProjectController#show to json (for 155.198.150.93 at 2011-06-20 13:52:24) [GET]
  Parameters: {"id"=>"142"}
Completed in 411260ms (View: 65753, DB: 345505) | 200 OK [http://base.vectorbase.org/project/142.json]


Processing ProjectController#show to json (for 155.198.150.93 at 2011-06-20 14:12:12) [GET]
  Parameters: {"id"=>"142"}
Completed in 407894ms (View: 66597, DB: 341283) | 200 OK [http://base.vectorbase.org/project/142.json]


Processing ProjectController#show to json (for 155.198.150.93 at 2011-06-20 14:23:51) [GET]
  Parameters: {"id"=>"154"}
Completed in 103034ms (View: 13868, DB: 89164) | 200 OK [http://base.vectorbase.org/project/154.json]


Processing ProjectController#show to json (for 155.198.150.93 at 2011-06-20 14:31:16) [GET]
  Parameters: {"id"=>"143"}
Completed in 74618ms (View: 8419, DB: 66197) | 200 OK [http://base.vectorbase.org/project/143.json]


Processing ProjectController#stocks to json (for 155.198.150.93 at 2011-06-20 19:02:48) [GET]
  Parameters: {"id"=>"141"}

SystemStackError (stack level too deep):
  

Rendering /home/snr02/work/natdiv/gmodnatdiv_fork/public/500.html (500 Internal Server Error)
